2020-10-27 13:05:47.730 [main] ERROR org.springframework.boot.SpringApplication - Application run failed
org.springframework.beans.factory.BeanCreationException: Error creating bean with name 'mapperScannerConfigurer' defined in class path resource [com/santu/leaves/config/basemapper/MybatisMapperScannerConfigure.class]: Bean instantiation via factory method failed; nested exception is org.springframework.beans.BeanInstantiationException: Failed to instantiate [tk.mybatis.spring.mapper.MapperScannerConfigurer]: Factory method 'mapperScannerConfigurer' threw exception; nested exception is tk.mybatis.mapper.MapperException: 注册通用Mapper[com.santu.leaves.config.basemapper]失败，找不到该通用Mapper!
	at org.springframework.beans.factory.support.ConstructorResolver.instantiate(ConstructorResolver.java:627)
	at org.springframework.beans.factory.support.ConstructorResolver.instantiateUsingFactoryMethod(ConstructorResolver.java:456)
	at org.springframework.beans.factory.support.AbstractAutowireCapableBeanFactory.instantiateUsingFactoryMethod(AbstractAutowireCapableBeanFactory.java:1318)
	at org.springframework.beans.factory.support.AbstractAutowireCapableBeanFactory.createBeanInstance(AbstractAutowireCapableBeanFactory.java:1158)
	at org.springframework.beans.factory.support.AbstractAutowireCapableBeanFactory.doCreateBean(AbstractAutowireCapableBeanFactory.java:554)
	at org.springframework.beans.factory.support.AbstractAutowireCapableBeanFactory.createBean(AbstractAutowireCapableBeanFactory.java:514)
	at org.springframework.beans.factory.support.AbstractBeanFactory.lambda$doGetBean$0(AbstractBeanFactory.java:321)
	at org.springframework.beans.factory.support.DefaultSingletonBeanRegistry.getSingleton(DefaultSingletonBeanRegistry.java:234)
	at org.springframework.beans.factory.support.AbstractBeanFactory.doGetBean(AbstractBeanFactory.java:319)
	at org.springframework.beans.factory.support.AbstractBeanFactory.getBean(AbstractBeanFactory.java:204)
	at org.springframework.context.support.PostProcessorRegistrationDelegate.invokeBeanFactoryPostProcessors(PostProcessorRegistrationDelegate.java:118)
	at org.springframework.context.support.AbstractApplicationContext.invokeBeanFactoryPostProcessors(AbstractApplicationContext.java:706)
	at org.springframework.context.support.AbstractApplicationContext.refresh(AbstractApplicationContext.java:532)
	at org.springframework.boot.web.servlet.context.ServletWebServerApplicationContext.refresh(ServletWebServerApplicationContext.java:141)
	at org.springframework.boot.SpringApplication.refresh(SpringApplication.java:744)
	at org.springframework.boot.SpringApplication.refreshContext(SpringApplication.java:391)
	at org.springframework.boot.SpringApplication.run(SpringApplication.java:312)
	at org.springframework.boot.SpringApplication.run(SpringApplication.java:1215)
	at org.springframework.boot.SpringApplication.run(SpringApplication.java:1204)
	at com.santu.leaves.XaApplication.main(XaApplication.java:10)
Caused by: org.springframework.beans.BeanInstantiationException: Failed to instantiate [tk.mybatis.spring.mapper.MapperScannerConfigurer]: Factory method 'mapperScannerConfigurer' threw exception; nested exception is tk.mybatis.mapper.MapperException: 注册通用Mapper[com.santu.leaves.config.basemapper]失败，找不到该通用Mapper!
	at org.springframework.beans.factory.support.SimpleInstantiationStrategy.instantiate(SimpleInstantiationStrategy.java:185)
	at org.springframework.beans.factory.support.ConstructorResolver.instantiate(ConstructorResolver.java:622)
	... 19 common frames omitted
Caused by: tk.mybatis.mapper.MapperException: 注册通用Mapper[com.santu.leaves.config.basemapper]失败，找不到该通用Mapper!
	at tk.mybatis.mapper.mapperhelper.MapperHelper.registerMapper(MapperHelper.java:171)
	at tk.mybatis.mapper.mapperhelper.MapperHelper.setProperties(MapperHelper.java:357)
	at tk.mybatis.spring.mapper.MapperScannerConfigurer.setProperties(MapperScannerConfigurer.java:392)
	at com.santu.leaves.config.basemapper.MybatisMapperScannerConfigure.mapperScannerConfigurer(MybatisMapperScannerConfigure.java:27)
	at sun.reflect.NativeMethodAccessorImpl.invoke0(Native Method)
	at sun.reflect.NativeMethodAccessorImpl.invoke(NativeMethodAccessorImpl.java:62)
	at sun.reflect.DelegatingMethodAccessorImpl.invoke(DelegatingMethodAccessorImpl.java:43)
	at java.lang.reflect.Method.invoke(Method.java:498)
	at org.springframework.beans.factory.support.SimpleInstantiationStrategy.instantiate(SimpleInstantiationStrategy.java:154)
	... 20 common frames omitted
2020-10-27 13:06:41.590 [main] ERROR org.springframework.boot.SpringApplication - Application run failed
org.springframework.beans.factory.BeanCreationException: Error creating bean with name 'mapperScannerConfigurer' defined in class path resource [com/santu/leaves/config/basemapper/MybatisMapperScannerConfigure.class]: Bean instantiation via factory method failed; nested exception is org.springframework.beans.BeanInstantiationException: Failed to instantiate [tk.mybatis.spring.mapper.MapperScannerConfigurer]: Factory method 'mapperScannerConfigurer' threw exception; nested exception is tk.mybatis.mapper.MapperException: 注册通用Mapper[com.santu.leaves.config.Basemapper]失败，找不到该通用Mapper!
	at org.springframework.beans.factory.support.ConstructorResolver.instantiate(ConstructorResolver.java:627)
	at org.springframework.beans.factory.support.ConstructorResolver.instantiateUsingFactoryMethod(ConstructorResolver.java:456)
	at org.springframework.beans.factory.support.AbstractAutowireCapableBeanFactory.instantiateUsingFactoryMethod(AbstractAutowireCapableBeanFactory.java:1318)
	at org.springframework.beans.factory.support.AbstractAutowireCapableBeanFactory.createBeanInstance(AbstractAutowireCapableBeanFactory.java:1158)
	at org.springframework.beans.factory.support.AbstractAutowireCapableBeanFactory.doCreateBean(AbstractAutowireCapableBeanFactory.java:554)
	at org.springframework.beans.factory.support.AbstractAutowireCapableBeanFactory.createBean(AbstractAutowireCapableBeanFactory.java:514)
	at org.springframework.beans.factory.support.AbstractBeanFactory.lambda$doGetBean$0(AbstractBeanFactory.java:321)
	at org.springframework.beans.factory.support.DefaultSingletonBeanRegistry.getSingleton(DefaultSingletonBeanRegistry.java:234)
	at org.springframework.beans.factory.support.AbstractBeanFactory.doGetBean(AbstractBeanFactory.java:319)
	at org.springframework.beans.factory.support.AbstractBeanFactory.getBean(AbstractBeanFactory.java:204)
	at org.springframework.context.support.PostProcessorRegistrationDelegate.invokeBeanFactoryPostProcessors(PostProcessorRegistrationDelegate.java:118)
	at org.springframework.context.support.AbstractApplicationContext.invokeBeanFactoryPostProcessors(AbstractApplicationContext.java:706)
	at org.springframework.context.support.AbstractApplicationContext.refresh(AbstractApplicationContext.java:532)
	at org.springframework.boot.web.servlet.context.ServletWebServerApplicationContext.refresh(ServletWebServerApplicationContext.java:141)
	at org.springframework.boot.SpringApplication.refresh(SpringApplication.java:744)
	at org.springframework.boot.SpringApplication.refreshContext(SpringApplication.java:391)
	at org.springframework.boot.SpringApplication.run(SpringApplication.java:312)
	at org.springframework.boot.SpringApplication.run(SpringApplication.java:1215)
	at org.springframework.boot.SpringApplication.run(SpringApplication.java:1204)
	at com.santu.leaves.XaApplication.main(XaApplication.java:10)
Caused by: org.springframework.beans.BeanInstantiationException: Failed to instantiate [tk.mybatis.spring.mapper.MapperScannerConfigurer]: Factory method 'mapperScannerConfigurer' threw exception; nested exception is tk.mybatis.mapper.MapperException: 注册通用Mapper[com.santu.leaves.config.Basemapper]失败，找不到该通用Mapper!
	at org.springframework.beans.factory.support.SimpleInstantiationStrategy.instantiate(SimpleInstantiationStrategy.java:185)
	at org.springframework.beans.factory.support.ConstructorResolver.instantiate(ConstructorResolver.java:622)
	... 19 common frames omitted
Caused by: tk.mybatis.mapper.MapperException: 注册通用Mapper[com.santu.leaves.config.Basemapper]失败，找不到该通用Mapper!
	at tk.mybatis.mapper.mapperhelper.MapperHelper.registerMapper(MapperHelper.java:171)
	at tk.mybatis.mapper.mapperhelper.MapperHelper.setProperties(MapperHelper.java:357)
	at tk.mybatis.spring.mapper.MapperScannerConfigurer.setProperties(MapperScannerConfigurer.java:392)
	at com.santu.leaves.config.basemapper.MybatisMapperScannerConfigure.mapperScannerConfigurer(MybatisMapperScannerConfigure.java:27)
	at sun.reflect.NativeMethodAccessorImpl.invoke0(Native Method)
	at sun.reflect.NativeMethodAccessorImpl.invoke(NativeMethodAccessorImpl.java:62)
	at sun.reflect.DelegatingMethodAccessorImpl.invoke(DelegatingMethodAccessorImpl.java:43)
	at java.lang.reflect.Method.invoke(Method.java:498)
	at org.springframework.beans.factory.support.SimpleInstantiationStrategy.instantiate(SimpleInstantiationStrategy.java:154)
	... 20 common frames omitted
2020-10-27 13:07:36.140 [main] ERROR org.springframework.boot.SpringApplication - Application run failed
org.springframework.beans.factory.BeanCreationException: Error creating bean with name 'mapperScannerConfigurer' defined in class path resource [com/santu/leaves/config/basemapper/MybatisMapperScannerConfigure.class]: Bean instantiation via factory method failed; nested exception is org.springframework.beans.BeanInstantiationException: Failed to instantiate [tk.mybatis.spring.mapper.MapperScannerConfigurer]: Factory method 'mapperScannerConfigurer' threw exception; nested exception is java.lang.NoClassDefFoundError: com/santu/leaves/config/basemapper/Basemapper (wrong name: com/santu/leaves/config/basemapper/BaseMapper)
	at org.springframework.beans.factory.support.ConstructorResolver.instantiate(ConstructorResolver.java:627)
	at org.springframework.beans.factory.support.ConstructorResolver.instantiateUsingFactoryMethod(ConstructorResolver.java:456)
	at org.springframework.beans.factory.support.AbstractAutowireCapableBeanFactory.instantiateUsingFactoryMethod(AbstractAutowireCapableBeanFactory.java:1318)
	at org.springframework.beans.factory.support.AbstractAutowireCapableBeanFactory.createBeanInstance(AbstractAutowireCapableBeanFactory.java:1158)
	at org.springframework.beans.factory.support.AbstractAutowireCapableBeanFactory.doCreateBean(AbstractAutowireCapableBeanFactory.java:554)
	at org.springframework.beans.factory.support.AbstractAutowireCapableBeanFactory.createBean(AbstractAutowireCapableBeanFactory.java:514)
	at org.springframework.beans.factory.support.AbstractBeanFactory.lambda$doGetBean$0(AbstractBeanFactory.java:321)
	at org.springframework.beans.factory.support.DefaultSingletonBeanRegistry.getSingleton(DefaultSingletonBeanRegistry.java:234)
	at org.springframework.beans.factory.support.AbstractBeanFactory.doGetBean(AbstractBeanFactory.java:319)
	at org.springframework.beans.factory.support.AbstractBeanFactory.getBean(AbstractBeanFactory.java:204)
	at org.springframework.context.support.PostProcessorRegistrationDelegate.invokeBeanFactoryPostProcessors(PostProcessorRegistrationDelegate.java:118)
	at org.springframework.context.support.AbstractApplicationContext.invokeBeanFactoryPostProcessors(AbstractApplicationContext.java:706)
	at org.springframework.context.support.AbstractApplicationContext.refresh(AbstractApplicationContext.java:532)
	at org.springframework.boot.web.servlet.context.ServletWebServerApplicationContext.refresh(ServletWebServerApplicationContext.java:141)
	at org.springframework.boot.SpringApplication.refresh(SpringApplication.java:744)
	at org.springframework.boot.SpringApplication.refreshContext(SpringApplication.java:391)
	at org.springframework.boot.SpringApplication.run(SpringApplication.java:312)
	at org.springframework.boot.SpringApplication.run(SpringApplication.java:1215)
	at org.springframework.boot.SpringApplication.run(SpringApplication.java:1204)
	at com.santu.leaves.XaApplication.main(XaApplication.java:10)
Caused by: org.springframework.beans.BeanInstantiationException: Failed to instantiate [tk.mybatis.spring.mapper.MapperScannerConfigurer]: Factory method 'mapperScannerConfigurer' threw exception; nested exception is java.lang.NoClassDefFoundError: com/santu/leaves/config/basemapper/Basemapper (wrong name: com/santu/leaves/config/basemapper/BaseMapper)
	at org.springframework.beans.factory.support.SimpleInstantiationStrategy.instantiate(SimpleInstantiationStrategy.java:185)
	at org.springframework.beans.factory.support.ConstructorResolver.instantiate(ConstructorResolver.java:622)
	... 19 common frames omitted
Caused by: java.lang.NoClassDefFoundError: com/santu/leaves/config/basemapper/Basemapper (wrong name: com/santu/leaves/config/basemapper/BaseMapper)
	at java.lang.ClassLoader.defineClass1(Native Method)
	at java.lang.ClassLoader.defineClass(ClassLoader.java:763)
	at java.security.SecureClassLoader.defineClass(SecureClassLoader.java:142)
	at java.net.URLClassLoader.defineClass(URLClassLoader.java:467)
	at java.net.URLClassLoader.access$100(URLClassLoader.java:73)
	at java.net.URLClassLoader$1.run(URLClassLoader.java:368)
	at java.net.URLClassLoader$1.run(URLClassLoader.java:362)
	at java.security.AccessController.doPrivileged(Native Method)
	at java.net.URLClassLoader.findClass(URLClassLoader.java:361)
	at java.lang.ClassLoader.loadClass(ClassLoader.java:424)
	at sun.misc.Launcher$AppClassLoader.loadClass(Launcher.java:338)
	at java.lang.ClassLoader.loadClass(ClassLoader.java:357)
	at java.lang.Class.forName0(Native Method)
	at java.lang.Class.forName(Class.java:264)
	at tk.mybatis.mapper.mapperhelper.MapperHelper.registerMapper(MapperHelper.java:169)
	at tk.mybatis.mapper.mapperhelper.MapperHelper.setProperties(MapperHelper.java:357)
	at tk.mybatis.spring.mapper.MapperScannerConfigurer.setProperties(MapperScannerConfigurer.java:392)
	at com.santu.leaves.config.basemapper.MybatisMapperScannerConfigure.mapperScannerConfigurer(MybatisMapperScannerConfigure.java:27)
	at sun.reflect.NativeMethodAccessorImpl.invoke0(Native Method)
	at sun.reflect.NativeMethodAccessorImpl.invoke(NativeMethodAccessorImpl.java:62)
	at sun.reflect.DelegatingMethodAccessorImpl.invoke(DelegatingMethodAccessorImpl.java:43)
	at java.lang.reflect.Method.invoke(Method.java:498)
	at org.springframework.beans.factory.support.SimpleInstantiationStrategy.instantiate(SimpleInstantiationStrategy.java:154)
	... 20 common frames omitted
2020-10-27 17:52:02.677 [Druid-ConnectionPool-Create-1392748590] ERROR com.alibaba.druid.pool.DruidDataSource - create connection SQLException, url: jdbc:postgresql://localhost:5432/mxhn?useUnicode=true&characterEncoding=utf8&useSSL=false&serverTimezone=GMT%2B8&socketTimeout=30000, errorCode 0, state 3D000
org.postgresql.util.PSQLException: FATAL: database "mxhn" does not exist
	at org.postgresql.core.v3.QueryExecutorImpl.receiveErrorResponse(QueryExecutorImpl.java:2553)
	at org.postgresql.core.v3.QueryExecutorImpl.readStartupMessages(QueryExecutorImpl.java:2665)
	at org.postgresql.core.v3.QueryExecutorImpl.<init>(QueryExecutorImpl.java:147)
	at org.postgresql.core.v3.ConnectionFactoryImpl.openConnectionImpl(ConnectionFactoryImpl.java:273)
	at org.postgresql.core.ConnectionFactory.openConnection(ConnectionFactory.java:51)
	at org.postgresql.jdbc.PgConnection.<init>(PgConnection.java:225)
	at org.postgresql.Driver.makeConnection(Driver.java:465)
	at org.postgresql.Driver.connect(Driver.java:264)
	at com.alibaba.druid.pool.DruidAbstractDataSource.createPhysicalConnection(DruidAbstractDataSource.java:1559)
	at com.alibaba.druid.pool.DruidAbstractDataSource.createPhysicalConnection(DruidAbstractDataSource.java:1624)
	at com.alibaba.druid.pool.DruidDataSource$CreateConnectionThread.run(DruidDataSource.java:2479)
2020-10-27 17:52:02.723 [Druid-ConnectionPool-Create-1392748590] ERROR com.alibaba.druid.pool.DruidDataSource - create connection SQLException, url: jdbc:postgresql://localhost:5432/mxhn?useUnicode=true&characterEncoding=utf8&useSSL=false&serverTimezone=GMT%2B8&socketTimeout=30000, errorCode 0, state 3D000
org.postgresql.util.PSQLException: FATAL: database "mxhn" does not exist
	at org.postgresql.core.v3.QueryExecutorImpl.receiveErrorResponse(QueryExecutorImpl.java:2553)
	at org.postgresql.core.v3.QueryExecutorImpl.readStartupMessages(QueryExecutorImpl.java:2665)
	at org.postgresql.core.v3.QueryExecutorImpl.<init>(QueryExecutorImpl.java:147)
	at org.postgresql.core.v3.ConnectionFactoryImpl.openConnectionImpl(ConnectionFactoryImpl.java:273)
	at org.postgresql.core.ConnectionFactory.openConnection(ConnectionFactory.java:51)
	at org.postgresql.jdbc.PgConnection.<init>(PgConnection.java:225)
	at org.postgresql.Driver.makeConnection(Driver.java:465)
	at org.postgresql.Driver.connect(Driver.java:264)
	at com.alibaba.druid.pool.DruidAbstractDataSource.createPhysicalConnection(DruidAbstractDataSource.java:1559)
	at com.alibaba.druid.pool.DruidAbstractDataSource.createPhysicalConnection(DruidAbstractDataSource.java:1624)
	at com.alibaba.druid.pool.DruidDataSource$CreateConnectionThread.run(DruidDataSource.java:2479)
2020-10-27 17:52:03.269 [Druid-ConnectionPool-Create-1392748590] ERROR com.alibaba.druid.pool.DruidDataSource - create connection SQLException, url: jdbc:postgresql://localhost:5432/mxhn?useUnicode=true&characterEncoding=utf8&useSSL=false&serverTimezone=GMT%2B8&socketTimeout=30000, errorCode 0, state 3D000
org.postgresql.util.PSQLException: FATAL: database "mxhn" does not exist
	at org.postgresql.core.v3.QueryExecutorImpl.receiveErrorResponse(QueryExecutorImpl.java:2553)
	at org.postgresql.core.v3.QueryExecutorImpl.readStartupMessages(QueryExecutorImpl.java:2665)
	at org.postgresql.core.v3.QueryExecutorImpl.<init>(QueryExecutorImpl.java:147)
	at org.postgresql.core.v3.ConnectionFactoryImpl.openConnectionImpl(ConnectionFactoryImpl.java:273)
	at org.postgresql.core.ConnectionFactory.openConnection(ConnectionFactory.java:51)
	at org.postgresql.jdbc.PgConnection.<init>(PgConnection.java:225)
	at org.postgresql.Driver.makeConnection(Driver.java:465)
	at org.postgresql.Driver.connect(Driver.java:264)
	at com.alibaba.druid.pool.DruidAbstractDataSource.createPhysicalConnection(DruidAbstractDataSource.java:1559)
	at com.alibaba.druid.pool.DruidAbstractDataSource.createPhysicalConnection(DruidAbstractDataSource.java:1624)
	at com.alibaba.druid.pool.DruidDataSource$CreateConnectionThread.run(DruidDataSource.java:2479)
2020-10-27 17:52:03.813 [Druid-ConnectionPool-Create-1392748590] ERROR com.alibaba.druid.pool.DruidDataSource - create connection SQLException, url: jdbc:postgresql://localhost:5432/mxhn?useUnicode=true&characterEncoding=utf8&useSSL=false&serverTimezone=GMT%2B8&socketTimeout=30000, errorCode 0, state 3D000
org.postgresql.util.PSQLException: FATAL: database "mxhn" does not exist
	at org.postgresql.core.v3.QueryExecutorImpl.receiveErrorResponse(QueryExecutorImpl.java:2553)
	at org.postgresql.core.v3.QueryExecutorImpl.readStartupMessages(QueryExecutorImpl.java:2665)
	at org.postgresql.core.v3.QueryExecutorImpl.<init>(QueryExecutorImpl.java:147)
	at org.postgresql.core.v3.ConnectionFactoryImpl.openConnectionImpl(ConnectionFactoryImpl.java:273)
	at org.postgresql.core.ConnectionFactory.openConnection(ConnectionFactory.java:51)
	at org.postgresql.jdbc.PgConnection.<init>(PgConnection.java:225)
	at org.postgresql.Driver.makeConnection(Driver.java:465)
	at org.postgresql.Driver.connect(Driver.java:264)
	at com.alibaba.druid.pool.DruidAbstractDataSource.createPhysicalConnection(DruidAbstractDataSource.java:1559)
	at com.alibaba.druid.pool.DruidAbstractDataSource.createPhysicalConnection(DruidAbstractDataSource.java:1624)
	at com.alibaba.druid.pool.DruidDataSource$CreateConnectionThread.run(DruidDataSource.java:2479)
2020-10-27 17:52:04.356 [Druid-ConnectionPool-Create-1392748590] ERROR com.alibaba.druid.pool.DruidDataSource - create connection SQLException, url: jdbc:postgresql://localhost:5432/mxhn?useUnicode=true&characterEncoding=utf8&useSSL=false&serverTimezone=GMT%2B8&socketTimeout=30000, errorCode 0, state 3D000
org.postgresql.util.PSQLException: FATAL: database "mxhn" does not exist
	at org.postgresql.core.v3.QueryExecutorImpl.receiveErrorResponse(QueryExecutorImpl.java:2553)
	at org.postgresql.core.v3.QueryExecutorImpl.readStartupMessages(QueryExecutorImpl.java:2665)
	at org.postgresql.core.v3.QueryExecutorImpl.<init>(QueryExecutorImpl.java:147)
	at org.postgresql.core.v3.ConnectionFactoryImpl.openConnectionImpl(ConnectionFactoryImpl.java:273)
	at org.postgresql.core.ConnectionFactory.openConnection(ConnectionFactory.java:51)
	at org.postgresql.jdbc.PgConnection.<init>(PgConnection.java:225)
	at org.postgresql.Driver.makeConnection(Driver.java:465)
	at org.postgresql.Driver.connect(Driver.java:264)
	at com.alibaba.druid.pool.DruidAbstractDataSource.createPhysicalConnection(DruidAbstractDataSource.java:1559)
	at com.alibaba.druid.pool.DruidAbstractDataSource.createPhysicalConnection(DruidAbstractDataSource.java:1624)
	at com.alibaba.druid.pool.DruidDataSource$CreateConnectionThread.run(DruidDataSource.java:2479)
2020-10-27 17:52:04.915 [Druid-ConnectionPool-Create-1392748590] ERROR com.alibaba.druid.pool.DruidDataSource - create connection SQLException, url: jdbc:postgresql://localhost:5432/mxhn?useUnicode=true&characterEncoding=utf8&useSSL=false&serverTimezone=GMT%2B8&socketTimeout=30000, errorCode 0, state 3D000
org.postgresql.util.PSQLException: FATAL: database "mxhn" does not exist
	at org.postgresql.core.v3.QueryExecutorImpl.receiveErrorResponse(QueryExecutorImpl.java:2553)
	at org.postgresql.core.v3.QueryExecutorImpl.readStartupMessages(QueryExecutorImpl.java:2665)
	at org.postgresql.core.v3.QueryExecutorImpl.<init>(QueryExecutorImpl.java:147)
	at org.postgresql.core.v3.ConnectionFactoryImpl.openConnectionImpl(ConnectionFactoryImpl.java:273)
	at org.postgresql.core.ConnectionFactory.openConnection(ConnectionFactory.java:51)
	at org.postgresql.jdbc.PgConnection.<init>(PgConnection.java:225)
	at org.postgresql.Driver.makeConnection(Driver.java:465)
	at org.postgresql.Driver.connect(Driver.java:264)
	at com.alibaba.druid.pool.DruidAbstractDataSource.createPhysicalConnection(DruidAbstractDataSource.java:1559)
	at com.alibaba.druid.pool.DruidAbstractDataSource.createPhysicalConnection(DruidAbstractDataSource.java:1624)
	at com.alibaba.druid.pool.DruidDataSource$CreateConnectionThread.run(DruidDataSource.java:2479)
2020-10-27 17:52:05.504 [Druid-ConnectionPool-Create-1392748590] ERROR com.alibaba.druid.pool.DruidDataSource - create connection SQLException, url: jdbc:postgresql://localhost:5432/mxhn?useUnicode=true&characterEncoding=utf8&useSSL=false&serverTimezone=GMT%2B8&socketTimeout=30000, errorCode 0, state 3D000
org.postgresql.util.PSQLException: FATAL: database "mxhn" does not exist
	at org.postgresql.core.v3.QueryExecutorImpl.receiveErrorResponse(QueryExecutorImpl.java:2553)
	at org.postgresql.core.v3.QueryExecutorImpl.readStartupMessages(QueryExecutorImpl.java:2665)
	at org.postgresql.core.v3.QueryExecutorImpl.<init>(QueryExecutorImpl.java:147)
	at org.postgresql.core.v3.ConnectionFactoryImpl.openConnectionImpl(ConnectionFactoryImpl.java:273)
	at org.postgresql.core.ConnectionFactory.openConnection(ConnectionFactory.java:51)
	at org.postgresql.jdbc.PgConnection.<init>(PgConnection.java:225)
	at org.postgresql.Driver.makeConnection(Driver.java:465)
	at org.postgresql.Driver.connect(Driver.java:264)
	at com.alibaba.druid.pool.DruidAbstractDataSource.createPhysicalConnection(DruidAbstractDataSource.java:1559)
	at com.alibaba.druid.pool.DruidAbstractDataSource.createPhysicalConnection(DruidAbstractDataSource.java:1624)
	at com.alibaba.druid.pool.DruidDataSource$CreateConnectionThread.run(DruidDataSource.java:2479)
2020-10-27 17:52:06.072 [Druid-ConnectionPool-Create-1392748590] ERROR com.alibaba.druid.pool.DruidDataSource - create connection SQLException, url: jdbc:postgresql://localhost:5432/mxhn?useUnicode=true&characterEncoding=utf8&useSSL=false&serverTimezone=GMT%2B8&socketTimeout=30000, errorCode 0, state 3D000
org.postgresql.util.PSQLException: FATAL: database "mxhn" does not exist
	at org.postgresql.core.v3.QueryExecutorImpl.receiveErrorResponse(QueryExecutorImpl.java:2553)
	at org.postgresql.core.v3.QueryExecutorImpl.readStartupMessages(QueryExecutorImpl.java:2665)
	at org.postgresql.core.v3.QueryExecutorImpl.<init>(QueryExecutorImpl.java:147)
	at org.postgresql.core.v3.ConnectionFactoryImpl.openConnectionImpl(ConnectionFactoryImpl.java:273)
	at org.postgresql.core.ConnectionFactory.openConnection(ConnectionFactory.java:51)
	at org.postgresql.jdbc.PgConnection.<init>(PgConnection.java:225)
	at org.postgresql.Driver.makeConnection(Driver.java:465)
	at org.postgresql.Driver.connect(Driver.java:264)
	at com.alibaba.druid.pool.DruidAbstractDataSource.createPhysicalConnection(DruidAbstractDataSource.java:1559)
	at com.alibaba.druid.pool.DruidAbstractDataSource.createPhysicalConnection(DruidAbstractDataSource.java:1624)
	at com.alibaba.druid.pool.DruidDataSource$CreateConnectionThread.run(DruidDataSource.java:2479)
2020-10-27 17:52:06.666 [Druid-ConnectionPool-Create-1392748590] ERROR com.alibaba.druid.pool.DruidDataSource - create connection SQLException, url: jdbc:postgresql://localhost:5432/mxhn?useUnicode=true&characterEncoding=utf8&useSSL=false&serverTimezone=GMT%2B8&socketTimeout=30000, errorCode 0, state 3D000
org.postgresql.util.PSQLException: FATAL: database "mxhn" does not exist
	at org.postgresql.core.v3.QueryExecutorImpl.receiveErrorResponse(QueryExecutorImpl.java:2553)
	at org.postgresql.core.v3.QueryExecutorImpl.readStartupMessages(QueryExecutorImpl.java:2665)
	at org.postgresql.core.v3.QueryExecutorImpl.<init>(QueryExecutorImpl.java:147)
	at org.postgresql.core.v3.ConnectionFactoryImpl.openConnectionImpl(ConnectionFactoryImpl.java:273)
	at org.postgresql.core.ConnectionFactory.openConnection(ConnectionFactory.java:51)
	at org.postgresql.jdbc.PgConnection.<init>(PgConnection.java:225)
	at org.postgresql.Driver.makeConnection(Driver.java:465)
	at org.postgresql.Driver.connect(Driver.java:264)
	at com.alibaba.druid.pool.DruidAbstractDataSource.createPhysicalConnection(DruidAbstractDataSource.java:1559)
	at com.alibaba.druid.pool.DruidAbstractDataSource.createPhysicalConnection(DruidAbstractDataSource.java:1624)
	at com.alibaba.druid.pool.DruidDataSource$CreateConnectionThread.run(DruidDataSource.java:2479)
2020-10-27 17:52:07.284 [Druid-ConnectionPool-Create-1392748590] ERROR com.alibaba.druid.pool.DruidDataSource - create connection SQLException, url: jdbc:postgresql://localhost:5432/mxhn?useUnicode=true&characterEncoding=utf8&useSSL=false&serverTimezone=GMT%2B8&socketTimeout=30000, errorCode 0, state 3D000
org.postgresql.util.PSQLException: FATAL: database "mxhn" does not exist
	at org.postgresql.core.v3.QueryExecutorImpl.receiveErrorResponse(QueryExecutorImpl.java:2553)
	at org.postgresql.core.v3.QueryExecutorImpl.readStartupMessages(QueryExecutorImpl.java:2665)
	at org.postgresql.core.v3.QueryExecutorImpl.<init>(QueryExecutorImpl.java:147)
	at org.postgresql.core.v3.ConnectionFactoryImpl.openConnectionImpl(ConnectionFactoryImpl.java:273)
	at org.postgresql.core.ConnectionFactory.openConnection(ConnectionFactory.java:51)
	at org.postgresql.jdbc.PgConnection.<init>(PgConnection.java:225)
	at org.postgresql.Driver.makeConnection(Driver.java:465)
	at org.postgresql.Driver.connect(Driver.java:264)
	at com.alibaba.druid.pool.DruidAbstractDataSource.createPhysicalConnection(DruidAbstractDataSource.java:1559)
	at com.alibaba.druid.pool.DruidAbstractDataSource.createPhysicalConnection(DruidAbstractDataSource.java:1624)
	at com.alibaba.druid.pool.DruidDataSource$CreateConnectionThread.run(DruidDataSource.java:2479)
2020-10-27 17:52:07.962 [Druid-ConnectionPool-Create-1392748590] ERROR com.alibaba.druid.pool.DruidDataSource - create connection SQLException, url: jdbc:postgresql://localhost:5432/mxhn?useUnicode=true&characterEncoding=utf8&useSSL=false&serverTimezone=GMT%2B8&socketTimeout=30000, errorCode 0, state 3D000
org.postgresql.util.PSQLException: FATAL: database "mxhn" does not exist
	at org.postgresql.core.v3.QueryExecutorImpl.receiveErrorResponse(QueryExecutorImpl.java:2553)
	at org.postgresql.core.v3.QueryExecutorImpl.readStartupMessages(QueryExecutorImpl.java:2665)
	at org.postgresql.core.v3.QueryExecutorImpl.<init>(QueryExecutorImpl.java:147)
	at org.postgresql.core.v3.ConnectionFactoryImpl.openConnectionImpl(ConnectionFactoryImpl.java:273)
	at org.postgresql.core.ConnectionFactory.openConnection(ConnectionFactory.java:51)
	at org.postgresql.jdbc.PgConnection.<init>(PgConnection.java:225)
	at org.postgresql.Driver.makeConnection(Driver.java:465)
	at org.postgresql.Driver.connect(Driver.java:264)
	at com.alibaba.druid.pool.DruidAbstractDataSource.createPhysicalConnection(DruidAbstractDataSource.java:1559)
	at com.alibaba.druid.pool.DruidAbstractDataSource.createPhysicalConnection(DruidAbstractDataSource.java:1624)
	at com.alibaba.druid.pool.DruidDataSource$CreateConnectionThread.run(DruidDataSource.java:2479)
2020-10-27 17:52:08.629 [Druid-ConnectionPool-Create-1392748590] ERROR com.alibaba.druid.pool.DruidDataSource - create connection SQLException, url: jdbc:postgresql://localhost:5432/mxhn?useUnicode=true&characterEncoding=utf8&useSSL=false&serverTimezone=GMT%2B8&socketTimeout=30000, errorCode 0, state 3D000
org.postgresql.util.PSQLException: FATAL: database "mxhn" does not exist
	at org.postgresql.core.v3.QueryExecutorImpl.receiveErrorResponse(QueryExecutorImpl.java:2553)
	at org.postgresql.core.v3.QueryExecutorImpl.readStartupMessages(QueryExecutorImpl.java:2665)
	at org.postgresql.core.v3.QueryExecutorImpl.<init>(QueryExecutorImpl.java:147)
	at org.postgresql.core.v3.ConnectionFactoryImpl.openConnectionImpl(ConnectionFactoryImpl.java:273)
	at org.postgresql.core.ConnectionFactory.openConnection(ConnectionFactory.java:51)
	at org.postgresql.jdbc.PgConnection.<init>(PgConnection.java:225)
	at org.postgresql.Driver.makeConnection(Driver.java:465)
	at org.postgresql.Driver.connect(Driver.java:264)
	at com.alibaba.druid.pool.DruidAbstractDataSource.createPhysicalConnection(DruidAbstractDataSource.java:1559)
	at com.alibaba.druid.pool.DruidAbstractDataSource.createPhysicalConnection(DruidAbstractDataSource.java:1624)
	at com.alibaba.druid.pool.DruidDataSource$CreateConnectionThread.run(DruidDataSource.java:2479)
2020-10-27 17:52:09.227 [Druid-ConnectionPool-Create-1392748590] ERROR com.alibaba.druid.pool.DruidDataSource - create connection SQLException, url: jdbc:postgresql://localhost:5432/mxhn?useUnicode=true&characterEncoding=utf8&useSSL=false&serverTimezone=GMT%2B8&socketTimeout=30000, errorCode 0, state 3D000
org.postgresql.util.PSQLException: FATAL: database "mxhn" does not exist
	at org.postgresql.core.v3.QueryExecutorImpl.receiveErrorResponse(QueryExecutorImpl.java:2553)
	at org.postgresql.core.v3.QueryExecutorImpl.readStartupMessages(QueryExecutorImpl.java:2665)
	at org.postgresql.core.v3.QueryExecutorImpl.<init>(QueryExecutorImpl.java:147)
	at org.postgresql.core.v3.ConnectionFactoryImpl.openConnectionImpl(ConnectionFactoryImpl.java:273)
	at org.postgresql.core.ConnectionFactory.openConnection(ConnectionFactory.java:51)
	at org.postgresql.jdbc.PgConnection.<init>(PgConnection.java:225)
	at org.postgresql.Driver.makeConnection(Driver.java:465)
	at org.postgresql.Driver.connect(Driver.java:264)
	at com.alibaba.druid.pool.DruidAbstractDataSource.createPhysicalConnection(DruidAbstractDataSource.java:1559)
	at com.alibaba.druid.pool.DruidAbstractDataSource.createPhysicalConnection(DruidAbstractDataSource.java:1624)
	at com.alibaba.druid.pool.DruidDataSource$CreateConnectionThread.run(DruidDataSource.java:2479)
2020-10-27 17:52:09.898 [Druid-ConnectionPool-Create-1392748590] ERROR com.alibaba.druid.pool.DruidDataSource - create connection SQLException, url: jdbc:postgresql://localhost:5432/mxhn?useUnicode=true&characterEncoding=utf8&useSSL=false&serverTimezone=GMT%2B8&socketTimeout=30000, errorCode 0, state 3D000
org.postgresql.util.PSQLException: FATAL: database "mxhn" does not exist
	at org.postgresql.core.v3.QueryExecutorImpl.receiveErrorResponse(QueryExecutorImpl.java:2553)
	at org.postgresql.core.v3.QueryExecutorImpl.readStartupMessages(QueryExecutorImpl.java:2665)
	at org.postgresql.core.v3.QueryExecutorImpl.<init>(QueryExecutorImpl.java:147)
	at org.postgresql.core.v3.ConnectionFactoryImpl.openConnectionImpl(ConnectionFactoryImpl.java:273)
	at org.postgresql.core.ConnectionFactory.openConnection(ConnectionFactory.java:51)
	at org.postgresql.jdbc.PgConnection.<init>(PgConnection.java:225)
	at org.postgresql.Driver.makeConnection(Driver.java:465)
	at org.postgresql.Driver.connect(Driver.java:264)
	at com.alibaba.druid.pool.DruidAbstractDataSource.createPhysicalConnection(DruidAbstractDataSource.java:1559)
	at com.alibaba.druid.pool.DruidAbstractDataSource.createPhysicalConnection(DruidAbstractDataSource.java:1624)
	at com.alibaba.druid.pool.DruidDataSource$CreateConnectionThread.run(DruidDataSource.java:2479)
2020-10-27 17:52:10.500 [Druid-ConnectionPool-Create-1392748590] ERROR com.alibaba.druid.pool.DruidDataSource - create connection SQLException, url: jdbc:postgresql://localhost:5432/mxhn?useUnicode=true&characterEncoding=utf8&useSSL=false&serverTimezone=GMT%2B8&socketTimeout=30000, errorCode 0, state 3D000
org.postgresql.util.PSQLException: FATAL: database "mxhn" does not exist
	at org.postgresql.core.v3.QueryExecutorImpl.receiveErrorResponse(QueryExecutorImpl.java:2553)
	at org.postgresql.core.v3.QueryExecutorImpl.readStartupMessages(QueryExecutorImpl.java:2665)
	at org.postgresql.core.v3.QueryExecutorImpl.<init>(QueryExecutorImpl.java:147)
	at org.postgresql.core.v3.ConnectionFactoryImpl.openConnectionImpl(ConnectionFactoryImpl.java:273)
	at org.postgresql.core.ConnectionFactory.openConnection(ConnectionFactory.java:51)
	at org.postgresql.jdbc.PgConnection.<init>(PgConnection.java:225)
	at org.postgresql.Driver.makeConnection(Driver.java:465)
	at org.postgresql.Driver.connect(Driver.java:264)
	at com.alibaba.druid.pool.DruidAbstractDataSource.createPhysicalConnection(DruidAbstractDataSource.java:1559)
	at com.alibaba.druid.pool.DruidAbstractDataSource.createPhysicalConnection(DruidAbstractDataSource.java:1624)
	at com.alibaba.druid.pool.DruidDataSource$CreateConnectionThread.run(DruidDataSource.java:2479)
2020-10-27 17:52:11.045 [Druid-ConnectionPool-Create-1392748590] ERROR com.alibaba.druid.pool.DruidDataSource - create connection SQLException, url: jdbc:postgresql://localhost:5432/mxhn?useUnicode=true&characterEncoding=utf8&useSSL=false&serverTimezone=GMT%2B8&socketTimeout=30000, errorCode 0, state 3D000
org.postgresql.util.PSQLException: FATAL: database "mxhn" does not exist
	at org.postgresql.core.v3.QueryExecutorImpl.receiveErrorResponse(QueryExecutorImpl.java:2553)
	at org.postgresql.core.v3.QueryExecutorImpl.readStartupMessages(QueryExecutorImpl.java:2665)
	at org.postgresql.core.v3.QueryExecutorImpl.<init>(QueryExecutorImpl.java:147)
	at org.postgresql.core.v3.ConnectionFactoryImpl.openConnectionImpl(ConnectionFactoryImpl.java:273)
	at org.postgresql.core.ConnectionFactory.openConnection(ConnectionFactory.java:51)
	at org.postgresql.jdbc.PgConnection.<init>(PgConnection.java:225)
	at org.postgresql.Driver.makeConnection(Driver.java:465)
	at org.postgresql.Driver.connect(Driver.java:264)
	at com.alibaba.druid.pool.DruidAbstractDataSource.createPhysicalConnection(DruidAbstractDataSource.java:1559)
	at com.alibaba.druid.pool.DruidAbstractDataSource.createPhysicalConnection(DruidAbstractDataSource.java:1624)
	at com.alibaba.druid.pool.DruidDataSource$CreateConnectionThread.run(DruidDataSource.java:2479)
2020-10-27 17:52:11.589 [Druid-ConnectionPool-Create-1392748590] ERROR com.alibaba.druid.pool.DruidDataSource - create connection SQLException, url: jdbc:postgresql://localhost:5432/mxhn?useUnicode=true&characterEncoding=utf8&useSSL=false&serverTimezone=GMT%2B8&socketTimeout=30000, errorCode 0, state 3D000
org.postgresql.util.PSQLException: FATAL: database "mxhn" does not exist
	at org.postgresql.core.v3.QueryExecutorImpl.receiveErrorResponse(QueryExecutorImpl.java:2553)
	at org.postgresql.core.v3.QueryExecutorImpl.readStartupMessages(QueryExecutorImpl.java:2665)
	at org.postgresql.core.v3.QueryExecutorImpl.<init>(QueryExecutorImpl.java:147)
	at org.postgresql.core.v3.ConnectionFactoryImpl.openConnectionImpl(ConnectionFactoryImpl.java:273)
	at org.postgresql.core.ConnectionFactory.openConnection(ConnectionFactory.java:51)
	at org.postgresql.jdbc.PgConnection.<init>(PgConnection.java:225)
	at org.postgresql.Driver.makeConnection(Driver.java:465)
	at org.postgresql.Driver.connect(Driver.java:264)
	at com.alibaba.druid.pool.DruidAbstractDataSource.createPhysicalConnection(DruidAbstractDataSource.java:1559)
	at com.alibaba.druid.pool.DruidAbstractDataSource.createPhysicalConnection(DruidAbstractDataSource.java:1624)
	at com.alibaba.druid.pool.DruidDataSource$CreateConnectionThread.run(DruidDataSource.java:2479)
2020-10-27 17:52:12.179 [Druid-ConnectionPool-Create-1392748590] ERROR com.alibaba.druid.pool.DruidDataSource - create connection SQLException, url: jdbc:postgresql://localhost:5432/mxhn?useUnicode=true&characterEncoding=utf8&useSSL=false&serverTimezone=GMT%2B8&socketTimeout=30000, errorCode 0, state 3D000
org.postgresql.util.PSQLException: FATAL: database "mxhn" does not exist
	at org.postgresql.core.v3.QueryExecutorImpl.receiveErrorResponse(QueryExecutorImpl.java:2553)
	at org.postgresql.core.v3.QueryExecutorImpl.readStartupMessages(QueryExecutorImpl.java:2665)
	at org.postgresql.core.v3.QueryExecutorImpl.<init>(QueryExecutorImpl.java:147)
	at org.postgresql.core.v3.ConnectionFactoryImpl.openConnectionImpl(ConnectionFactoryImpl.java:273)
	at org.postgresql.core.ConnectionFactory.openConnection(ConnectionFactory.java:51)
	at org.postgresql.jdbc.PgConnection.<init>(PgConnection.java:225)
	at org.postgresql.Driver.makeConnection(Driver.java:465)
	at org.postgresql.Driver.connect(Driver.java:264)
	at com.alibaba.druid.pool.DruidAbstractDataSource.createPhysicalConnection(DruidAbstractDataSource.java:1559)
	at com.alibaba.druid.pool.DruidAbstractDataSource.createPhysicalConnection(DruidAbstractDataSource.java:1624)
	at com.alibaba.druid.pool.DruidDataSource$CreateConnectionThread.run(DruidDataSource.java:2479)
2020-10-27 17:52:12.724 [Druid-ConnectionPool-Create-1392748590] ERROR com.alibaba.druid.pool.DruidDataSource - create connection SQLException, url: jdbc:postgresql://localhost:5432/mxhn?useUnicode=true&characterEncoding=utf8&useSSL=false&serverTimezone=GMT%2B8&socketTimeout=30000, errorCode 0, state 3D000
org.postgresql.util.PSQLException: FATAL: database "mxhn" does not exist
	at org.postgresql.core.v3.QueryExecutorImpl.receiveErrorResponse(QueryExecutorImpl.java:2553)
	at org.postgresql.core.v3.QueryExecutorImpl.readStartupMessages(QueryExecutorImpl.java:2665)
	at org.postgresql.core.v3.QueryExecutorImpl.<init>(QueryExecutorImpl.java:147)
	at org.postgresql.core.v3.ConnectionFactoryImpl.openConnectionImpl(ConnectionFactoryImpl.java:273)
	at org.postgresql.core.ConnectionFactory.openConnection(ConnectionFactory.java:51)
	at org.postgresql.jdbc.PgConnection.<init>(PgConnection.java:225)
	at org.postgresql.Driver.makeConnection(Driver.java:465)
	at org.postgresql.Driver.connect(Driver.java:264)
	at com.alibaba.druid.pool.DruidAbstractDataSource.createPhysicalConnection(DruidAbstractDataSource.java:1559)
	at com.alibaba.druid.pool.DruidAbstractDataSource.createPhysicalConnection(DruidAbstractDataSource.java:1624)
	at com.alibaba.druid.pool.DruidDataSource$CreateConnectionThread.run(DruidDataSource.java:2479)
2020-10-27 17:52:13.316 [Druid-ConnectionPool-Create-1392748590] ERROR com.alibaba.druid.pool.DruidDataSource - create connection SQLException, url: jdbc:postgresql://localhost:5432/mxhn?useUnicode=true&characterEncoding=utf8&useSSL=false&serverTimezone=GMT%2B8&socketTimeout=30000, errorCode 0, state 3D000
org.postgresql.util.PSQLException: FATAL: database "mxhn" does not exist
	at org.postgresql.core.v3.QueryExecutorImpl.receiveErrorResponse(QueryExecutorImpl.java:2553)
	at org.postgresql.core.v3.QueryExecutorImpl.readStartupMessages(QueryExecutorImpl.java:2665)
	at org.postgresql.core.v3.QueryExecutorImpl.<init>(QueryExecutorImpl.java:147)
	at org.postgresql.core.v3.ConnectionFactoryImpl.openConnectionImpl(ConnectionFactoryImpl.java:273)
	at org.postgresql.core.ConnectionFactory.openConnection(ConnectionFactory.java:51)
	at org.postgresql.jdbc.PgConnection.<init>(PgConnection.java:225)
	at org.postgresql.Driver.makeConnection(Driver.java:465)
	at org.postgresql.Driver.connect(Driver.java:264)
	at com.alibaba.druid.pool.DruidAbstractDataSource.createPhysicalConnection(DruidAbstractDataSource.java:1559)
	at com.alibaba.druid.pool.DruidAbstractDataSource.createPhysicalConnection(DruidAbstractDataSource.java:1624)
	at com.alibaba.druid.pool.DruidDataSource$CreateConnectionThread.run(DruidDataSource.java:2479)
2020-10-27 17:52:13.861 [Druid-ConnectionPool-Create-1392748590] ERROR com.alibaba.druid.pool.DruidDataSource - create connection SQLException, url: jdbc:postgresql://localhost:5432/mxhn?useUnicode=true&characterEncoding=utf8&useSSL=false&serverTimezone=GMT%2B8&socketTimeout=30000, errorCode 0, state 3D000
org.postgresql.util.PSQLException: FATAL: database "mxhn" does not exist
	at org.postgresql.core.v3.QueryExecutorImpl.receiveErrorResponse(QueryExecutorImpl.java:2553)
	at org.postgresql.core.v3.QueryExecutorImpl.readStartupMessages(QueryExecutorImpl.java:2665)
	at org.postgresql.core.v3.QueryExecutorImpl.<init>(QueryExecutorImpl.java:147)
	at org.postgresql.core.v3.ConnectionFactoryImpl.openConnectionImpl(ConnectionFactoryImpl.java:273)
	at org.postgresql.core.ConnectionFactory.openConnection(ConnectionFactory.java:51)
	at org.postgresql.jdbc.PgConnection.<init>(PgConnection.java:225)
	at org.postgresql.Driver.makeConnection(Driver.java:465)
	at org.postgresql.Driver.connect(Driver.java:264)
	at com.alibaba.druid.pool.DruidAbstractDataSource.createPhysicalConnection(DruidAbstractDataSource.java:1559)
	at com.alibaba.druid.pool.DruidAbstractDataSource.createPhysicalConnection(DruidAbstractDataSource.java:1624)
	at com.alibaba.druid.pool.DruidDataSource$CreateConnectionThread.run(DruidDataSource.java:2479)
2020-10-27 17:52:14.407 [Druid-ConnectionPool-Create-1392748590] ERROR com.alibaba.druid.pool.DruidDataSource - create connection SQLException, url: jdbc:postgresql://localhost:5432/mxhn?useUnicode=true&characterEncoding=utf8&useSSL=false&serverTimezone=GMT%2B8&socketTimeout=30000, errorCode 0, state 3D000
org.postgresql.util.PSQLException: FATAL: database "mxhn" does not exist
	at org.postgresql.core.v3.QueryExecutorImpl.receiveErrorResponse(QueryExecutorImpl.java:2553)
	at org.postgresql.core.v3.QueryExecutorImpl.readStartupMessages(QueryExecutorImpl.java:2665)
	at org.postgresql.core.v3.QueryExecutorImpl.<init>(QueryExecutorImpl.java:147)
	at org.postgresql.core.v3.ConnectionFactoryImpl.openConnectionImpl(ConnectionFactoryImpl.java:273)
	at org.postgresql.core.ConnectionFactory.openConnection(ConnectionFactory.java:51)
	at org.postgresql.jdbc.PgConnection.<init>(PgConnection.java:225)
	at org.postgresql.Driver.makeConnection(Driver.java:465)
	at org.postgresql.Driver.connect(Driver.java:264)
	at com.alibaba.druid.pool.DruidAbstractDataSource.createPhysicalConnection(DruidAbstractDataSource.java:1559)
	at com.alibaba.druid.pool.DruidAbstractDataSource.createPhysicalConnection(DruidAbstractDataSource.java:1624)
	at com.alibaba.druid.pool.DruidDataSource$CreateConnectionThread.run(DruidDataSource.java:2479)
2020-10-27 17:52:14.966 [Druid-ConnectionPool-Create-1392748590] ERROR com.alibaba.druid.pool.DruidDataSource - create connection SQLException, url: jdbc:postgresql://localhost:5432/mxhn?useUnicode=true&characterEncoding=utf8&useSSL=false&serverTimezone=GMT%2B8&socketTimeout=30000, errorCode 0, state 3D000
org.postgresql.util.PSQLException: FATAL: database "mxhn" does not exist
	at org.postgresql.core.v3.QueryExecutorImpl.receiveErrorResponse(QueryExecutorImpl.java:2553)
	at org.postgresql.core.v3.QueryExecutorImpl.readStartupMessages(QueryExecutorImpl.java:2665)
	at org.postgresql.core.v3.QueryExecutorImpl.<init>(QueryExecutorImpl.java:147)
	at org.postgresql.core.v3.ConnectionFactoryImpl.openConnectionImpl(ConnectionFactoryImpl.java:273)
	at org.postgresql.core.ConnectionFactory.openConnection(ConnectionFactory.java:51)
	at org.postgresql.jdbc.PgConnection.<init>(PgConnection.java:225)
	at org.postgresql.Driver.makeConnection(Driver.java:465)
	at org.postgresql.Driver.connect(Driver.java:264)
	at com.alibaba.druid.pool.DruidAbstractDataSource.createPhysicalConnection(DruidAbstractDataSource.java:1559)
	at com.alibaba.druid.pool.DruidAbstractDataSource.createPhysicalConnection(DruidAbstractDataSource.java:1624)
	at com.alibaba.druid.pool.DruidDataSource$CreateConnectionThread.run(DruidDataSource.java:2479)
2020-10-27 17:52:15.512 [Druid-ConnectionPool-Create-1392748590] ERROR com.alibaba.druid.pool.DruidDataSource - create connection SQLException, url: jdbc:postgresql://localhost:5432/mxhn?useUnicode=true&characterEncoding=utf8&useSSL=false&serverTimezone=GMT%2B8&socketTimeout=30000, errorCode 0, state 3D000
org.postgresql.util.PSQLException: FATAL: database "mxhn" does not exist
	at org.postgresql.core.v3.QueryExecutorImpl.receiveErrorResponse(QueryExecutorImpl.java:2553)
	at org.postgresql.core.v3.QueryExecutorImpl.readStartupMessages(QueryExecutorImpl.java:2665)
	at org.postgresql.core.v3.QueryExecutorImpl.<init>(QueryExecutorImpl.java:147)
	at org.postgresql.core.v3.ConnectionFactoryImpl.openConnectionImpl(ConnectionFactoryImpl.java:273)
	at org.postgresql.core.ConnectionFactory.openConnection(ConnectionFactory.java:51)
	at org.postgresql.jdbc.PgConnection.<init>(PgConnection.java:225)
	at org.postgresql.Driver.makeConnection(Driver.java:465)
	at org.postgresql.Driver.connect(Driver.java:264)
	at com.alibaba.druid.pool.DruidAbstractDataSource.createPhysicalConnection(DruidAbstractDataSource.java:1559)
	at com.alibaba.druid.pool.DruidAbstractDataSource.createPhysicalConnection(DruidAbstractDataSource.java:1624)
	at com.alibaba.druid.pool.DruidDataSource$CreateConnectionThread.run(DruidDataSource.java:2479)
2020-10-27 17:52:16.090 [Druid-ConnectionPool-Create-1392748590] ERROR com.alibaba.druid.pool.DruidDataSource - create connection SQLException, url: jdbc:postgresql://localhost:5432/mxhn?useUnicode=true&characterEncoding=utf8&useSSL=false&serverTimezone=GMT%2B8&socketTimeout=30000, errorCode 0, state 3D000
org.postgresql.util.PSQLException: FATAL: database "mxhn" does not exist
	at org.postgresql.core.v3.QueryExecutorImpl.receiveErrorResponse(QueryExecutorImpl.java:2553)
	at org.postgresql.core.v3.QueryExecutorImpl.readStartupMessages(QueryExecutorImpl.java:2665)
	at org.postgresql.core.v3.QueryExecutorImpl.<init>(QueryExecutorImpl.java:147)
	at org.postgresql.core.v3.ConnectionFactoryImpl.openConnectionImpl(ConnectionFactoryImpl.java:273)
	at org.postgresql.core.ConnectionFactory.openConnection(ConnectionFactory.java:51)
	at org.postgresql.jdbc.PgConnection.<init>(PgConnection.java:225)
	at org.postgresql.Driver.makeConnection(Driver.java:465)
	at org.postgresql.Driver.connect(Driver.java:264)
	at com.alibaba.druid.pool.DruidAbstractDataSource.createPhysicalConnection(DruidAbstractDataSource.java:1559)
	at com.alibaba.druid.pool.DruidAbstractDataSource.createPhysicalConnection(DruidAbstractDataSource.java:1624)
	at com.alibaba.druid.pool.DruidDataSource$CreateConnectionThread.run(DruidDataSource.java:2479)
2020-10-27 17:52:16.719 [Druid-ConnectionPool-Create-1392748590] ERROR com.alibaba.druid.pool.DruidDataSource - create connection SQLException, url: jdbc:postgresql://localhost:5432/mxhn?useUnicode=true&characterEncoding=utf8&useSSL=false&serverTimezone=GMT%2B8&socketTimeout=30000, errorCode 0, state 3D000
org.postgresql.util.PSQLException: FATAL: database "mxhn" does not exist
	at org.postgresql.core.v3.QueryExecutorImpl.receiveErrorResponse(QueryExecutorImpl.java:2553)
	at org.postgresql.core.v3.QueryExecutorImpl.readStartupMessages(QueryExecutorImpl.java:2665)
	at org.postgresql.core.v3.QueryExecutorImpl.<init>(QueryExecutorImpl.java:147)
	at org.postgresql.core.v3.ConnectionFactoryImpl.openConnectionImpl(ConnectionFactoryImpl.java:273)
	at org.postgresql.core.ConnectionFactory.openConnection(ConnectionFactory.java:51)
	at org.postgresql.jdbc.PgConnection.<init>(PgConnection.java:225)
	at org.postgresql.Driver.makeConnection(Driver.java:465)
	at org.postgresql.Driver.connect(Driver.java:264)
	at com.alibaba.druid.pool.DruidAbstractDataSource.createPhysicalConnection(DruidAbstractDataSource.java:1559)
	at com.alibaba.druid.pool.DruidAbstractDataSource.createPhysicalConnection(DruidAbstractDataSource.java:1624)
	at com.alibaba.druid.pool.DruidDataSource$CreateConnectionThread.run(DruidDataSource.java:2479)
2020-10-27 17:52:17.297 [Druid-ConnectionPool-Create-1392748590] ERROR com.alibaba.druid.pool.DruidDataSource - create connection SQLException, url: jdbc:postgresql://localhost:5432/mxhn?useUnicode=true&characterEncoding=utf8&useSSL=false&serverTimezone=GMT%2B8&socketTimeout=30000, errorCode 0, state 3D000
org.postgresql.util.PSQLException: FATAL: database "mxhn" does not exist
	at org.postgresql.core.v3.QueryExecutorImpl.receiveErrorResponse(QueryExecutorImpl.java:2553)
	at org.postgresql.core.v3.QueryExecutorImpl.readStartupMessages(QueryExecutorImpl.java:2665)
	at org.postgresql.core.v3.QueryExecutorImpl.<init>(QueryExecutorImpl.java:147)
	at org.postgresql.core.v3.ConnectionFactoryImpl.openConnectionImpl(ConnectionFactoryImpl.java:273)
	at org.postgresql.core.ConnectionFactory.openConnection(ConnectionFactory.java:51)
	at org.postgresql.jdbc.PgConnection.<init>(PgConnection.java:225)
	at org.postgresql.Driver.makeConnection(Driver.java:465)
	at org.postgresql.Driver.connect(Driver.java:264)
	at com.alibaba.druid.pool.DruidAbstractDataSource.createPhysicalConnection(DruidAbstractDataSource.java:1559)
	at com.alibaba.druid.pool.DruidAbstractDataSource.createPhysicalConnection(DruidAbstractDataSource.java:1624)
	at com.alibaba.druid.pool.DruidDataSource$CreateConnectionThread.run(DruidDataSource.java:2479)
2020-10-27 17:52:17.915 [Druid-ConnectionPool-Create-1392748590] ERROR com.alibaba.druid.pool.DruidDataSource - create connection SQLException, url: jdbc:postgresql://localhost:5432/mxhn?useUnicode=true&characterEncoding=utf8&useSSL=false&serverTimezone=GMT%2B8&socketTimeout=30000, errorCode 0, state 3D000
org.postgresql.util.PSQLException: FATAL: database "mxhn" does not exist
	at org.postgresql.core.v3.QueryExecutorImpl.receiveErrorResponse(QueryExecutorImpl.java:2553)
	at org.postgresql.core.v3.QueryExecutorImpl.readStartupMessages(QueryExecutorImpl.java:2665)
	at org.postgresql.core.v3.QueryExecutorImpl.<init>(QueryExecutorImpl.java:147)
	at org.postgresql.core.v3.ConnectionFactoryImpl.openConnectionImpl(ConnectionFactoryImpl.java:273)
	at org.postgresql.core.ConnectionFactory.openConnection(ConnectionFactory.java:51)
	at org.postgresql.jdbc.PgConnection.<init>(PgConnection.java:225)
	at org.postgresql.Driver.makeConnection(Driver.java:465)
	at org.postgresql.Driver.connect(Driver.java:264)
	at com.alibaba.druid.pool.DruidAbstractDataSource.createPhysicalConnection(DruidAbstractDataSource.java:1559)
	at com.alibaba.druid.pool.DruidAbstractDataSource.createPhysicalConnection(DruidAbstractDataSource.java:1624)
	at com.alibaba.druid.pool.DruidDataSource$CreateConnectionThread.run(DruidDataSource.java:2479)
2020-10-27 17:52:18.524 [Druid-ConnectionPool-Create-1392748590] ERROR com.alibaba.druid.pool.DruidDataSource - create connection SQLException, url: jdbc:postgresql://localhost:5432/mxhn?useUnicode=true&characterEncoding=utf8&useSSL=false&serverTimezone=GMT%2B8&socketTimeout=30000, errorCode 0, state 3D000
org.postgresql.util.PSQLException: FATAL: database "mxhn" does not exist
	at org.postgresql.core.v3.QueryExecutorImpl.receiveErrorResponse(QueryExecutorImpl.java:2553)
	at org.postgresql.core.v3.QueryExecutorImpl.readStartupMessages(QueryExecutorImpl.java:2665)
	at org.postgresql.core.v3.QueryExecutorImpl.<init>(QueryExecutorImpl.java:147)
	at org.postgresql.core.v3.ConnectionFactoryImpl.openConnectionImpl(ConnectionFactoryImpl.java:273)
	at org.postgresql.core.ConnectionFactory.openConnection(ConnectionFactory.java:51)
	at org.postgresql.jdbc.PgConnection.<init>(PgConnection.java:225)
	at org.postgresql.Driver.makeConnection(Driver.java:465)
	at org.postgresql.Driver.connect(Driver.java:264)
	at com.alibaba.druid.pool.DruidAbstractDataSource.createPhysicalConnection(DruidAbstractDataSource.java:1559)
	at com.alibaba.druid.pool.DruidAbstractDataSource.createPhysicalConnection(DruidAbstractDataSource.java:1624)
	at com.alibaba.druid.pool.DruidDataSource$CreateConnectionThread.run(DruidDataSource.java:2479)
2020-10-27 17:52:19.068 [Druid-ConnectionPool-Create-1392748590] ERROR com.alibaba.druid.pool.DruidDataSource - create connection SQLException, url: jdbc:postgresql://localhost:5432/mxhn?useUnicode=true&characterEncoding=utf8&useSSL=false&serverTimezone=GMT%2B8&socketTimeout=30000, errorCode 0, state 3D000
org.postgresql.util.PSQLException: FATAL: database "mxhn" does not exist
	at org.postgresql.core.v3.QueryExecutorImpl.receiveErrorResponse(QueryExecutorImpl.java:2553)
	at org.postgresql.core.v3.QueryExecutorImpl.readStartupMessages(QueryExecutorImpl.java:2665)
	at org.postgresql.core.v3.QueryExecutorImpl.<init>(QueryExecutorImpl.java:147)
	at org.postgresql.core.v3.ConnectionFactoryImpl.openConnectionImpl(ConnectionFactoryImpl.java:273)
	at org.postgresql.core.ConnectionFactory.openConnection(ConnectionFactory.java:51)
	at org.postgresql.jdbc.PgConnection.<init>(PgConnection.java:225)
	at org.postgresql.Driver.makeConnection(Driver.java:465)
	at org.postgresql.Driver.connect(Driver.java:264)
	at com.alibaba.druid.pool.DruidAbstractDataSource.createPhysicalConnection(DruidAbstractDataSource.java:1559)
	at com.alibaba.druid.pool.DruidAbstractDataSource.createPhysicalConnection(DruidAbstractDataSource.java:1624)
	at com.alibaba.druid.pool.DruidDataSource$CreateConnectionThread.run(DruidDataSource.java:2479)
2020-10-27 17:52:19.630 [Druid-ConnectionPool-Create-1392748590] ERROR com.alibaba.druid.pool.DruidDataSource - create connection SQLException, url: jdbc:postgresql://localhost:5432/mxhn?useUnicode=true&characterEncoding=utf8&useSSL=false&serverTimezone=GMT%2B8&socketTimeout=30000, errorCode 0, state 3D000
org.postgresql.util.PSQLException: FATAL: database "mxhn" does not exist
	at org.postgresql.core.v3.QueryExecutorImpl.receiveErrorResponse(QueryExecutorImpl.java:2553)
	at org.postgresql.core.v3.QueryExecutorImpl.readStartupMessages(QueryExecutorImpl.java:2665)
	at org.postgresql.core.v3.QueryExecutorImpl.<init>(QueryExecutorImpl.java:147)
	at org.postgresql.core.v3.ConnectionFactoryImpl.openConnectionImpl(ConnectionFactoryImpl.java:273)
	at org.postgresql.core.ConnectionFactory.openConnection(ConnectionFactory.java:51)
	at org.postgresql.jdbc.PgConnection.<init>(PgConnection.java:225)
	at org.postgresql.Driver.makeConnection(Driver.java:465)
	at org.postgresql.Driver.connect(Driver.java:264)
	at com.alibaba.druid.pool.DruidAbstractDataSource.createPhysicalConnection(DruidAbstractDataSource.java:1559)
	at com.alibaba.druid.pool.DruidAbstractDataSource.createPhysicalConnection(DruidAbstractDataSource.java:1624)
	at com.alibaba.druid.pool.DruidDataSource$CreateConnectionThread.run(DruidDataSource.java:2479)
2020-10-27 17:52:20.175 [Druid-ConnectionPool-Create-1392748590] ERROR com.alibaba.druid.pool.DruidDataSource - create connection SQLException, url: jdbc:postgresql://localhost:5432/mxhn?useUnicode=true&characterEncoding=utf8&useSSL=false&serverTimezone=GMT%2B8&socketTimeout=30000, errorCode 0, state 3D000
org.postgresql.util.PSQLException: FATAL: database "mxhn" does not exist
	at org.postgresql.core.v3.QueryExecutorImpl.receiveErrorResponse(QueryExecutorImpl.java:2553)
	at org.postgresql.core.v3.QueryExecutorImpl.readStartupMessages(QueryExecutorImpl.java:2665)
	at org.postgresql.core.v3.QueryExecutorImpl.<init>(QueryExecutorImpl.java:147)
	at org.postgresql.core.v3.ConnectionFactoryImpl.openConnectionImpl(ConnectionFactoryImpl.java:273)
	at org.postgresql.core.ConnectionFactory.openConnection(ConnectionFactory.java:51)
	at org.postgresql.jdbc.PgConnection.<init>(PgConnection.java:225)
	at org.postgresql.Driver.makeConnection(Driver.java:465)
	at org.postgresql.Driver.connect(Driver.java:264)
	at com.alibaba.druid.pool.DruidAbstractDataSource.createPhysicalConnection(DruidAbstractDataSource.java:1559)
	at com.alibaba.druid.pool.DruidAbstractDataSource.createPhysicalConnection(DruidAbstractDataSource.java:1624)
	at com.alibaba.druid.pool.DruidDataSource$CreateConnectionThread.run(DruidDataSource.java:2479)
2020-10-27 17:52:20.729 [Druid-ConnectionPool-Create-1392748590] ERROR com.alibaba.druid.pool.DruidDataSource - create connection SQLException, url: jdbc:postgresql://localhost:5432/mxhn?useUnicode=true&characterEncoding=utf8&useSSL=false&serverTimezone=GMT%2B8&socketTimeout=30000, errorCode 0, state 3D000
org.postgresql.util.PSQLException: FATAL: database "mxhn" does not exist
	at org.postgresql.core.v3.QueryExecutorImpl.receiveErrorResponse(QueryExecutorImpl.java:2553)
	at org.postgresql.core.v3.QueryExecutorImpl.readStartupMessages(QueryExecutorImpl.java:2665)
	at org.postgresql.core.v3.QueryExecutorImpl.<init>(QueryExecutorImpl.java:147)
	at org.postgresql.core.v3.ConnectionFactoryImpl.openConnectionImpl(ConnectionFactoryImpl.java:273)
	at org.postgresql.core.ConnectionFactory.openConnection(ConnectionFactory.java:51)
	at org.postgresql.jdbc.PgConnection.<init>(PgConnection.java:225)
	at org.postgresql.Driver.makeConnection(Driver.java:465)
	at org.postgresql.Driver.connect(Driver.java:264)
	at com.alibaba.druid.pool.DruidAbstractDataSource.createPhysicalConnection(DruidAbstractDataSource.java:1559)
	at com.alibaba.druid.pool.DruidAbstractDataSource.createPhysicalConnection(DruidAbstractDataSource.java:1624)
	at com.alibaba.druid.pool.DruidDataSource$CreateConnectionThread.run(DruidDataSource.java:2479)
2020-10-27 17:52:21.338 [Druid-ConnectionPool-Create-1392748590] ERROR com.alibaba.druid.pool.DruidDataSource - create connection SQLException, url: jdbc:postgresql://localhost:5432/mxhn?useUnicode=true&characterEncoding=utf8&useSSL=false&serverTimezone=GMT%2B8&socketTimeout=30000, errorCode 0, state 3D000
org.postgresql.util.PSQLException: FATAL: database "mxhn" does not exist
	at org.postgresql.core.v3.QueryExecutorImpl.receiveErrorResponse(QueryExecutorImpl.java:2553)
	at org.postgresql.core.v3.QueryExecutorImpl.readStartupMessages(QueryExecutorImpl.java:2665)
	at org.postgresql.core.v3.QueryExecutorImpl.<init>(QueryExecutorImpl.java:147)
	at org.postgresql.core.v3.ConnectionFactoryImpl.openConnectionImpl(ConnectionFactoryImpl.java:273)
	at org.postgresql.core.ConnectionFactory.openConnection(ConnectionFactory.java:51)
	at org.postgresql.jdbc.PgConnection.<init>(PgConnection.java:225)
	at org.postgresql.Driver.makeConnection(Driver.java:465)
	at org.postgresql.Driver.connect(Driver.java:264)
	at com.alibaba.druid.pool.DruidAbstractDataSource.createPhysicalConnection(DruidAbstractDataSource.java:1559)
	at com.alibaba.druid.pool.DruidAbstractDataSource.createPhysicalConnection(DruidAbstractDataSource.java:1624)
	at com.alibaba.druid.pool.DruidDataSource$CreateConnectionThread.run(DruidDataSource.java:2479)
2020-10-27 17:52:21.883 [Druid-ConnectionPool-Create-1392748590] ERROR com.alibaba.druid.pool.DruidDataSource - create connection SQLException, url: jdbc:postgresql://localhost:5432/mxhn?useUnicode=true&characterEncoding=utf8&useSSL=false&serverTimezone=GMT%2B8&socketTimeout=30000, errorCode 0, state 3D000
org.postgresql.util.PSQLException: FATAL: database "mxhn" does not exist
	at org.postgresql.core.v3.QueryExecutorImpl.receiveErrorResponse(QueryExecutorImpl.java:2553)
	at org.postgresql.core.v3.QueryExecutorImpl.readStartupMessages(QueryExecutorImpl.java:2665)
	at org.postgresql.core.v3.QueryExecutorImpl.<init>(QueryExecutorImpl.java:147)
	at org.postgresql.core.v3.ConnectionFactoryImpl.openConnectionImpl(ConnectionFactoryImpl.java:273)
	at org.postgresql.core.ConnectionFactory.openConnection(ConnectionFactory.java:51)
	at org.postgresql.jdbc.PgConnection.<init>(PgConnection.java:225)
	at org.postgresql.Driver.makeConnection(Driver.java:465)
	at org.postgresql.Driver.connect(Driver.java:264)
	at com.alibaba.druid.pool.DruidAbstractDataSource.createPhysicalConnection(DruidAbstractDataSource.java:1559)
	at com.alibaba.druid.pool.DruidAbstractDataSource.createPhysicalConnection(DruidAbstractDataSource.java:1624)
	at com.alibaba.druid.pool.DruidDataSource$CreateConnectionThread.run(DruidDataSource.java:2479)
2020-10-27 17:52:22.470 [Druid-ConnectionPool-Create-1392748590] ERROR com.alibaba.druid.pool.DruidDataSource - create connection SQLException, url: jdbc:postgresql://localhost:5432/mxhn?useUnicode=true&characterEncoding=utf8&useSSL=false&serverTimezone=GMT%2B8&socketTimeout=30000, errorCode 0, state 3D000
org.postgresql.util.PSQLException: FATAL: database "mxhn" does not exist
	at org.postgresql.core.v3.QueryExecutorImpl.receiveErrorResponse(QueryExecutorImpl.java:2553)
	at org.postgresql.core.v3.QueryExecutorImpl.readStartupMessages(QueryExecutorImpl.java:2665)
	at org.postgresql.core.v3.QueryExecutorImpl.<init>(QueryExecutorImpl.java:147)
	at org.postgresql.core.v3.ConnectionFactoryImpl.openConnectionImpl(ConnectionFactoryImpl.java:273)
	at org.postgresql.core.ConnectionFactory.openConnection(ConnectionFactory.java:51)
	at org.postgresql.jdbc.PgConnection.<init>(PgConnection.java:225)
	at org.postgresql.Driver.makeConnection(Driver.java:465)
	at org.postgresql.Driver.connect(Driver.java:264)
	at com.alibaba.druid.pool.DruidAbstractDataSource.createPhysicalConnection(DruidAbstractDataSource.java:1559)
	at com.alibaba.druid.pool.DruidAbstractDataSource.createPhysicalConnection(DruidAbstractDataSource.java:1624)
	at com.alibaba.druid.pool.DruidDataSource$CreateConnectionThread.run(DruidDataSource.java:2479)
2020-10-27 17:52:23.026 [Druid-ConnectionPool-Create-1392748590] ERROR com.alibaba.druid.pool.DruidDataSource - create connection SQLException, url: jdbc:postgresql://localhost:5432/mxhn?useUnicode=true&characterEncoding=utf8&useSSL=false&serverTimezone=GMT%2B8&socketTimeout=30000, errorCode 0, state 3D000
org.postgresql.util.PSQLException: FATAL: database "mxhn" does not exist
	at org.postgresql.core.v3.QueryExecutorImpl.receiveErrorResponse(QueryExecutorImpl.java:2553)
	at org.postgresql.core.v3.QueryExecutorImpl.readStartupMessages(QueryExecutorImpl.java:2665)
	at org.postgresql.core.v3.QueryExecutorImpl.<init>(QueryExecutorImpl.java:147)
	at org.postgresql.core.v3.ConnectionFactoryImpl.openConnectionImpl(ConnectionFactoryImpl.java:273)
	at org.postgresql.core.ConnectionFactory.openConnection(ConnectionFactory.java:51)
	at org.postgresql.jdbc.PgConnection.<init>(PgConnection.java:225)
	at org.postgresql.Driver.makeConnection(Driver.java:465)
	at org.postgresql.Driver.connect(Driver.java:264)
	at com.alibaba.druid.pool.DruidAbstractDataSource.createPhysicalConnection(DruidAbstractDataSource.java:1559)
	at com.alibaba.druid.pool.DruidAbstractDataSource.createPhysicalConnection(DruidAbstractDataSource.java:1624)
	at com.alibaba.druid.pool.DruidDataSource$CreateConnectionThread.run(DruidDataSource.java:2479)
2020-10-27 17:52:23.574 [Druid-ConnectionPool-Create-1392748590] ERROR com.alibaba.druid.pool.DruidDataSource - create connection SQLException, url: jdbc:postgresql://localhost:5432/mxhn?useUnicode=true&characterEncoding=utf8&useSSL=false&serverTimezone=GMT%2B8&socketTimeout=30000, errorCode 0, state 3D000
org.postgresql.util.PSQLException: FATAL: database "mxhn" does not exist
	at org.postgresql.core.v3.QueryExecutorImpl.receiveErrorResponse(QueryExecutorImpl.java:2553)
	at org.postgresql.core.v3.QueryExecutorImpl.readStartupMessages(QueryExecutorImpl.java:2665)
	at org.postgresql.core.v3.QueryExecutorImpl.<init>(QueryExecutorImpl.java:147)
	at org.postgresql.core.v3.ConnectionFactoryImpl.openConnectionImpl(ConnectionFactoryImpl.java:273)
	at org.postgresql.core.ConnectionFactory.openConnection(ConnectionFactory.java:51)
	at org.postgresql.jdbc.PgConnection.<init>(PgConnection.java:225)
	at org.postgresql.Driver.makeConnection(Driver.java:465)
	at org.postgresql.Driver.connect(Driver.java:264)
	at com.alibaba.druid.pool.DruidAbstractDataSource.createPhysicalConnection(DruidAbstractDataSource.java:1559)
	at com.alibaba.druid.pool.DruidAbstractDataSource.createPhysicalConnection(DruidAbstractDataSource.java:1624)
	at com.alibaba.druid.pool.DruidDataSource$CreateConnectionThread.run(DruidDataSource.java:2479)
2020-10-27 17:52:24.167 [Druid-ConnectionPool-Create-1392748590] ERROR com.alibaba.druid.pool.DruidDataSource - create connection SQLException, url: jdbc:postgresql://localhost:5432/mxhn?useUnicode=true&characterEncoding=utf8&useSSL=false&serverTimezone=GMT%2B8&socketTimeout=30000, errorCode 0, state 3D000
org.postgresql.util.PSQLException: FATAL: database "mxhn" does not exist
	at org.postgresql.core.v3.QueryExecutorImpl.receiveErrorResponse(QueryExecutorImpl.java:2553)
	at org.postgresql.core.v3.QueryExecutorImpl.readStartupMessages(QueryExecutorImpl.java:2665)
	at org.postgresql.core.v3.QueryExecutorImpl.<init>(QueryExecutorImpl.java:147)
	at org.postgresql.core.v3.ConnectionFactoryImpl.openConnectionImpl(ConnectionFactoryImpl.java:273)
	at org.postgresql.core.ConnectionFactory.openConnection(ConnectionFactory.java:51)
	at org.postgresql.jdbc.PgConnection.<init>(PgConnection.java:225)
	at org.postgresql.Driver.makeConnection(Driver.java:465)
	at org.postgresql.Driver.connect(Driver.java:264)
	at com.alibaba.druid.pool.DruidAbstractDataSource.createPhysicalConnection(DruidAbstractDataSource.java:1559)
	at com.alibaba.druid.pool.DruidAbstractDataSource.createPhysicalConnection(DruidAbstractDataSource.java:1624)
	at com.alibaba.druid.pool.DruidDataSource$CreateConnectionThread.run(DruidDataSource.java:2479)
2020-10-27 17:52:24.820 [Druid-ConnectionPool-Create-1392748590] ERROR com.alibaba.druid.pool.DruidDataSource - create connection SQLException, url: jdbc:postgresql://localhost:5432/mxhn?useUnicode=true&characterEncoding=utf8&useSSL=false&serverTimezone=GMT%2B8&socketTimeout=30000, errorCode 0, state 3D000
org.postgresql.util.PSQLException: FATAL: database "mxhn" does not exist
	at org.postgresql.core.v3.QueryExecutorImpl.receiveErrorResponse(QueryExecutorImpl.java:2553)
	at org.postgresql.core.v3.QueryExecutorImpl.readStartupMessages(QueryExecutorImpl.java:2665)
	at org.postgresql.core.v3.QueryExecutorImpl.<init>(QueryExecutorImpl.java:147)
	at org.postgresql.core.v3.ConnectionFactoryImpl.openConnectionImpl(ConnectionFactoryImpl.java:273)
	at org.postgresql.core.ConnectionFactory.openConnection(ConnectionFactory.java:51)
	at org.postgresql.jdbc.PgConnection.<init>(PgConnection.java:225)
	at org.postgresql.Driver.makeConnection(Driver.java:465)
	at org.postgresql.Driver.connect(Driver.java:264)
	at com.alibaba.druid.pool.DruidAbstractDataSource.createPhysicalConnection(DruidAbstractDataSource.java:1559)
	at com.alibaba.druid.pool.DruidAbstractDataSource.createPhysicalConnection(DruidAbstractDataSource.java:1624)
	at com.alibaba.druid.pool.DruidDataSource$CreateConnectionThread.run(DruidDataSource.java:2479)
2020-10-27 17:52:25.402 [Druid-ConnectionPool-Create-1392748590] ERROR com.alibaba.druid.pool.DruidDataSource - create connection SQLException, url: jdbc:postgresql://localhost:5432/mxhn?useUnicode=true&characterEncoding=utf8&useSSL=false&serverTimezone=GMT%2B8&socketTimeout=30000, errorCode 0, state 3D000
org.postgresql.util.PSQLException: FATAL: database "mxhn" does not exist
	at org.postgresql.core.v3.QueryExecutorImpl.receiveErrorResponse(QueryExecutorImpl.java:2553)
	at org.postgresql.core.v3.QueryExecutorImpl.readStartupMessages(QueryExecutorImpl.java:2665)
	at org.postgresql.core.v3.QueryExecutorImpl.<init>(QueryExecutorImpl.java:147)
	at org.postgresql.core.v3.ConnectionFactoryImpl.openConnectionImpl(ConnectionFactoryImpl.java:273)
	at org.postgresql.core.ConnectionFactory.openConnection(ConnectionFactory.java:51)
	at org.postgresql.jdbc.PgConnection.<init>(PgConnection.java:225)
	at org.postgresql.Driver.makeConnection(Driver.java:465)
	at org.postgresql.Driver.connect(Driver.java:264)
	at com.alibaba.druid.pool.DruidAbstractDataSource.createPhysicalConnection(DruidAbstractDataSource.java:1559)
	at com.alibaba.druid.pool.DruidAbstractDataSource.createPhysicalConnection(DruidAbstractDataSource.java:1624)
	at com.alibaba.druid.pool.DruidDataSource$CreateConnectionThread.run(DruidDataSource.java:2479)
2020-10-27 17:52:25.949 [Druid-ConnectionPool-Create-1392748590] ERROR com.alibaba.druid.pool.DruidDataSource - create connection SQLException, url: jdbc:postgresql://localhost:5432/mxhn?useUnicode=true&characterEncoding=utf8&useSSL=false&serverTimezone=GMT%2B8&socketTimeout=30000, errorCode 0, state 3D000
org.postgresql.util.PSQLException: FATAL: database "mxhn" does not exist
	at org.postgresql.core.v3.QueryExecutorImpl.receiveErrorResponse(QueryExecutorImpl.java:2553)
	at org.postgresql.core.v3.QueryExecutorImpl.readStartupMessages(QueryExecutorImpl.java:2665)
	at org.postgresql.core.v3.QueryExecutorImpl.<init>(QueryExecutorImpl.java:147)
	at org.postgresql.core.v3.ConnectionFactoryImpl.openConnectionImpl(ConnectionFactoryImpl.java:273)
	at org.postgresql.core.ConnectionFactory.openConnection(ConnectionFactory.java:51)
	at org.postgresql.jdbc.PgConnection.<init>(PgConnection.java:225)
	at org.postgresql.Driver.makeConnection(Driver.java:465)
	at org.postgresql.Driver.connect(Driver.java:264)
	at com.alibaba.druid.pool.DruidAbstractDataSource.createPhysicalConnection(DruidAbstractDataSource.java:1559)
	at com.alibaba.druid.pool.DruidAbstractDataSource.createPhysicalConnection(DruidAbstractDataSource.java:1624)
	at com.alibaba.druid.pool.DruidDataSource$CreateConnectionThread.run(DruidDataSource.java:2479)
2020-10-27 17:52:26.567 [Druid-ConnectionPool-Create-1392748590] ERROR com.alibaba.druid.pool.DruidDataSource - create connection SQLException, url: jdbc:postgresql://localhost:5432/mxhn?useUnicode=true&characterEncoding=utf8&useSSL=false&serverTimezone=GMT%2B8&socketTimeout=30000, errorCode 0, state 3D000
org.postgresql.util.PSQLException: FATAL: database "mxhn" does not exist
	at org.postgresql.core.v3.QueryExecutorImpl.receiveErrorResponse(QueryExecutorImpl.java:2553)
	at org.postgresql.core.v3.QueryExecutorImpl.readStartupMessages(QueryExecutorImpl.java:2665)
	at org.postgresql.core.v3.QueryExecutorImpl.<init>(QueryExecutorImpl.java:147)
	at org.postgresql.core.v3.ConnectionFactoryImpl.openConnectionImpl(ConnectionFactoryImpl.java:273)
	at org.postgresql.core.ConnectionFactory.openConnection(ConnectionFactory.java:51)
	at org.postgresql.jdbc.PgConnection.<init>(PgConnection.java:225)
	at org.postgresql.Driver.makeConnection(Driver.java:465)
	at org.postgresql.Driver.connect(Driver.java:264)
	at com.alibaba.druid.pool.DruidAbstractDataSource.createPhysicalConnection(DruidAbstractDataSource.java:1559)
	at com.alibaba.druid.pool.DruidAbstractDataSource.createPhysicalConnection(DruidAbstractDataSource.java:1624)
	at com.alibaba.druid.pool.DruidDataSource$CreateConnectionThread.run(DruidDataSource.java:2479)
2020-10-27 17:52:27.119 [Druid-ConnectionPool-Create-1392748590] ERROR com.alibaba.druid.pool.DruidDataSource - create connection SQLException, url: jdbc:postgresql://localhost:5432/mxhn?useUnicode=true&characterEncoding=utf8&useSSL=false&serverTimezone=GMT%2B8&socketTimeout=30000, errorCode 0, state 3D000
org.postgresql.util.PSQLException: FATAL: database "mxhn" does not exist
	at org.postgresql.core.v3.QueryExecutorImpl.receiveErrorResponse(QueryExecutorImpl.java:2553)
	at org.postgresql.core.v3.QueryExecutorImpl.readStartupMessages(QueryExecutorImpl.java:2665)
	at org.postgresql.core.v3.QueryExecutorImpl.<init>(QueryExecutorImpl.java:147)
	at org.postgresql.core.v3.ConnectionFactoryImpl.openConnectionImpl(ConnectionFactoryImpl.java:273)
	at org.postgresql.core.ConnectionFactory.openConnection(ConnectionFactory.java:51)
	at org.postgresql.jdbc.PgConnection.<init>(PgConnection.java:225)
	at org.postgresql.Driver.makeConnection(Driver.java:465)
	at org.postgresql.Driver.connect(Driver.java:264)
	at com.alibaba.druid.pool.DruidAbstractDataSource.createPhysicalConnection(DruidAbstractDataSource.java:1559)
	at com.alibaba.druid.pool.DruidAbstractDataSource.createPhysicalConnection(DruidAbstractDataSource.java:1624)
	at com.alibaba.druid.pool.DruidDataSource$CreateConnectionThread.run(DruidDataSource.java:2479)
2020-10-27 17:52:27.667 [Druid-ConnectionPool-Create-1392748590] ERROR com.alibaba.druid.pool.DruidDataSource - create connection SQLException, url: jdbc:postgresql://localhost:5432/mxhn?useUnicode=true&characterEncoding=utf8&useSSL=false&serverTimezone=GMT%2B8&socketTimeout=30000, errorCode 0, state 3D000
org.postgresql.util.PSQLException: FATAL: database "mxhn" does not exist
	at org.postgresql.core.v3.QueryExecutorImpl.receiveErrorResponse(QueryExecutorImpl.java:2553)
	at org.postgresql.core.v3.QueryExecutorImpl.readStartupMessages(QueryExecutorImpl.java:2665)
	at org.postgresql.core.v3.QueryExecutorImpl.<init>(QueryExecutorImpl.java:147)
	at org.postgresql.core.v3.ConnectionFactoryImpl.openConnectionImpl(ConnectionFactoryImpl.java:273)
	at org.postgresql.core.ConnectionFactory.openConnection(ConnectionFactory.java:51)
	at org.postgresql.jdbc.PgConnection.<init>(PgConnection.java:225)
	at org.postgresql.Driver.makeConnection(Driver.java:465)
	at org.postgresql.Driver.connect(Driver.java:264)
	at com.alibaba.druid.pool.DruidAbstractDataSource.createPhysicalConnection(DruidAbstractDataSource.java:1559)
	at com.alibaba.druid.pool.DruidAbstractDataSource.createPhysicalConnection(DruidAbstractDataSource.java:1624)
	at com.alibaba.druid.pool.DruidDataSource$CreateConnectionThread.run(DruidDataSource.java:2479)
2020-10-27 17:52:28.211 [Druid-ConnectionPool-Create-1392748590] ERROR com.alibaba.druid.pool.DruidDataSource - create connection SQLException, url: jdbc:postgresql://localhost:5432/mxhn?useUnicode=true&characterEncoding=utf8&useSSL=false&serverTimezone=GMT%2B8&socketTimeout=30000, errorCode 0, state 3D000
org.postgresql.util.PSQLException: FATAL: database "mxhn" does not exist
	at org.postgresql.core.v3.QueryExecutorImpl.receiveErrorResponse(QueryExecutorImpl.java:2553)
	at org.postgresql.core.v3.QueryExecutorImpl.readStartupMessages(QueryExecutorImpl.java:2665)
	at org.postgresql.core.v3.QueryExecutorImpl.<init>(QueryExecutorImpl.java:147)
	at org.postgresql.core.v3.ConnectionFactoryImpl.openConnectionImpl(ConnectionFactoryImpl.java:273)
	at org.postgresql.core.ConnectionFactory.openConnection(ConnectionFactory.java:51)
	at org.postgresql.jdbc.PgConnection.<init>(PgConnection.java:225)
	at org.postgresql.Driver.makeConnection(Driver.java:465)
	at org.postgresql.Driver.connect(Driver.java:264)
	at com.alibaba.druid.pool.DruidAbstractDataSource.createPhysicalConnection(DruidAbstractDataSource.java:1559)
	at com.alibaba.druid.pool.DruidAbstractDataSource.createPhysicalConnection(DruidAbstractDataSource.java:1624)
	at com.alibaba.druid.pool.DruidDataSource$CreateConnectionThread.run(DruidDataSource.java:2479)
2020-10-27 17:52:28.758 [Druid-ConnectionPool-Create-1392748590] ERROR com.alibaba.druid.pool.DruidDataSource - create connection SQLException, url: jdbc:postgresql://localhost:5432/mxhn?useUnicode=true&characterEncoding=utf8&useSSL=false&serverTimezone=GMT%2B8&socketTimeout=30000, errorCode 0, state 3D000
org.postgresql.util.PSQLException: FATAL: database "mxhn" does not exist
	at org.postgresql.core.v3.QueryExecutorImpl.receiveErrorResponse(QueryExecutorImpl.java:2553)
	at org.postgresql.core.v3.QueryExecutorImpl.readStartupMessages(QueryExecutorImpl.java:2665)
	at org.postgresql.core.v3.QueryExecutorImpl.<init>(QueryExecutorImpl.java:147)
	at org.postgresql.core.v3.ConnectionFactoryImpl.openConnectionImpl(ConnectionFactoryImpl.java:273)
	at org.postgresql.core.ConnectionFactory.openConnection(ConnectionFactory.java:51)
	at org.postgresql.jdbc.PgConnection.<init>(PgConnection.java:225)
	at org.postgresql.Driver.makeConnection(Driver.java:465)
	at org.postgresql.Driver.connect(Driver.java:264)
	at com.alibaba.druid.pool.DruidAbstractDataSource.createPhysicalConnection(DruidAbstractDataSource.java:1559)
	at com.alibaba.druid.pool.DruidAbstractDataSource.createPhysicalConnection(DruidAbstractDataSource.java:1624)
	at com.alibaba.druid.pool.DruidDataSource$CreateConnectionThread.run(DruidDataSource.java:2479)
2020-10-27 17:52:29.303 [Druid-ConnectionPool-Create-1392748590] ERROR com.alibaba.druid.pool.DruidDataSource - create connection SQLException, url: jdbc:postgresql://localhost:5432/mxhn?useUnicode=true&characterEncoding=utf8&useSSL=false&serverTimezone=GMT%2B8&socketTimeout=30000, errorCode 0, state 3D000
org.postgresql.util.PSQLException: FATAL: database "mxhn" does not exist
	at org.postgresql.core.v3.QueryExecutorImpl.receiveErrorResponse(QueryExecutorImpl.java:2553)
	at org.postgresql.core.v3.QueryExecutorImpl.readStartupMessages(QueryExecutorImpl.java:2665)
	at org.postgresql.core.v3.QueryExecutorImpl.<init>(QueryExecutorImpl.java:147)
	at org.postgresql.core.v3.ConnectionFactoryImpl.openConnectionImpl(ConnectionFactoryImpl.java:273)
	at org.postgresql.core.ConnectionFactory.openConnection(ConnectionFactory.java:51)
	at org.postgresql.jdbc.PgConnection.<init>(PgConnection.java:225)
	at org.postgresql.Driver.makeConnection(Driver.java:465)
	at org.postgresql.Driver.connect(Driver.java:264)
	at com.alibaba.druid.pool.DruidAbstractDataSource.createPhysicalConnection(DruidAbstractDataSource.java:1559)
	at com.alibaba.druid.pool.DruidAbstractDataSource.createPhysicalConnection(DruidAbstractDataSource.java:1624)
	at com.alibaba.druid.pool.DruidDataSource$CreateConnectionThread.run(DruidDataSource.java:2479)
